
[2017-10-01 15:45:57]
SQL : INSERT INTO draws_ssc_bet (bet_status,result_status,id_bm,id_mm,id_sc,id_co,id_sa,id_ag,id_mem,order_ip,time_bet,time_bet_ms,rpt_date,date_sn,ptype,item_type,item,even_code,gold,odds_set,odds_basis,odds_gap,odds_adjust,odds_adjust_auto,odds_adjust_auto_rep,share_mm,share_sc,share_co,share_sa,share_ag,water_basis,water_gap_mm,water_gap_sc,water_gap_co,water_gap_sa,water_gap_ag,water_gap_mem,share_gold_mm,share_gold_sc,share_gold_co,share_gold_sa,share_gold_ag,share_gold_mm_out,share_gold_sc_out,share_gold_co_out,share_gold_sa_out,share_gold_ag_out,share_gold_mm_in,share_gold_sc_in,share_gold_co_in,share_gold_sa_in,share_gold_ag_in,water_gold_mm,water_gold_sc,water_gold_co,water_gold_sa,water_gold_ag,water_gold_mem,win_gold_mem) VALUES('N','U','999','1','22','23','24','25','26','127.0.0.1','2017-10-01 15:42:22','200','2017-09-28','12','200','I','4','','1000','A','99110','0','0','0','0','20','15','25','20','20','85','0','2','3','4','5','5','20000','15000','25000','20000','20000','0','0','0','0','0','0','0','0','0','0','8500','8300','8200','8100','8000','8000','9911000')
HY000 2006 MySQL server has gone away
Exception:{"errorInfo":["HY000",2006,"MySQL server has gone away"]}
SCRIPT_NAME:/php_redis/lib/test.redis_PDO.php
 bug_trace start :
 file : /home/user/web/php_redis/lib/class.db.PDO.php 	  line : 124 	  function : errorstatus 	  class : db_PDO 	 
 file : /home/user/web/php_redis/lib/class.db.PDO.php 	  line : 90 	  function : exec_sql 	  class : db_PDO 	 
 file : /home/user/web/php_redis/lib/test.redis_PDO.php 	  line : 302 	  function : sql_query 	  class : db_PDO 	 
 file : /home/user/web/php_redis/lib/test.redis_PDO.php 	  line : 70 	  function : INSERT_order 	  class : test_order 	 
 file : /home/user/web/php_redis/lib/test.redis_PDO.php 	  line : 35 	  function : exec 	  class : test_order 	 
 file : /home/user/web/php_redis/lib/test.redis_PDO.php 	  line : 16 	  function : init_order 	 
 file : /home/user/web/php_redis/lib/test.redis_PDO.php 	  line : 11 	  function : init 	 
$_GET:array (
  'c' => '1',
)
$_POST:array (
  0 => 
  array (
    'ptype' => '200',
    'item' => '4',
    'gold' => '1000',
  ),
)

[2017-10-01 15:45:58]
SQL : INSERT INTO draws_ssc_bet (bet_status,result_status,id_bm,id_mm,id_sc,id_co,id_sa,id_ag,id_mem,order_ip,time_bet,time_bet_ms,rpt_date,date_sn,ptype,item_type,item,even_code,gold,odds_set,odds_basis,odds_gap,odds_adjust,odds_adjust_auto,odds_adjust_auto_rep,share_mm,share_sc,share_co,share_sa,share_ag,water_basis,water_gap_mm,water_gap_sc,water_gap_co,water_gap_sa,water_gap_ag,water_gap_mem,share_gold_mm,share_gold_sc,share_gold_co,share_gold_sa,share_gold_ag,share_gold_mm_out,share_gold_sc_out,share_gold_co_out,share_gold_sa_out,share_gold_ag_out,share_gold_mm_in,share_gold_sc_in,share_gold_co_in,share_gold_sa_in,share_gold_ag_in,water_gold_mm,water_gold_sc,water_gold_co,water_gold_sa,water_gold_ag,water_gold_mem,win_gold_mem) VALUES('N','U','999','1','22','23','24','25','26','127.0.0.1','2017-10-01 15:42:22','200','2017-09-28','12','200','I','4','','1000','A','99110','0','0','0','0','20','15','25','20','20','85','0','2','3','4','5','5','20000','15000','25000','20000','20000','0','0','0','0','0','0','0','0','0','0','8500','8300','8200','8100','8000','8000','9911000')
HY000 2006 MySQL server has gone away
Exception:{"errorInfo":["HY000",2006,"MySQL server has gone away"]}
SCRIPT_NAME:/php_redis/lib/test.redis_PDO.php
 bug_trace start :
 file : /home/user/web/php_redis/lib/class.db.PDO.php 	  line : 124 	  function : errorstatus 	  class : db_PDO 	 
 file : /home/user/web/php_redis/lib/class.db.PDO.php 	  line : 90 	  function : exec_sql 	  class : db_PDO 	 
 file : /home/user/web/php_redis/lib/test.redis_PDO.php 	  line : 302 	  function : sql_query 	  class : db_PDO 	 
 file : /home/user/web/php_redis/lib/test.redis_PDO.php 	  line : 70 	  function : INSERT_order 	  class : test_order 	 
 file : /home/user/web/php_redis/lib/test.redis_PDO.php 	  line : 35 	  function : exec 	  class : test_order 	 
 file : /home/user/web/php_redis/lib/test.redis_PDO.php 	  line : 16 	  function : init_order 	 
 file : /home/user/web/php_redis/lib/test.redis_PDO.php 	  line : 11 	  function : init 	 
$_GET:array (
  'c' => '1',
)
$_POST:array (
  0 => 
  array (
    'ptype' => '200',
    'item' => '4',
    'gold' => '1000',
  ),
)

[2017-10-01 15:45:59]
SQL : INSERT INTO draws_ssc_bet (bet_status,result_status,id_bm,id_mm,id_sc,id_co,id_sa,id_ag,id_mem,order_ip,time_bet,time_bet_ms,rpt_date,date_sn,ptype,item_type,item,even_code,gold,odds_set,odds_basis,odds_gap,odds_adjust,odds_adjust_auto,odds_adjust_auto_rep,share_mm,share_sc,share_co,share_sa,share_ag,water_basis,water_gap_mm,water_gap_sc,water_gap_co,water_gap_sa,water_gap_ag,water_gap_mem,share_gold_mm,share_gold_sc,share_gold_co,share_gold_sa,share_gold_ag,share_gold_mm_out,share_gold_sc_out,share_gold_co_out,share_gold_sa_out,share_gold_ag_out,share_gold_mm_in,share_gold_sc_in,share_gold_co_in,share_gold_sa_in,share_gold_ag_in,water_gold_mm,water_gold_sc,water_gold_co,water_gold_sa,water_gold_ag,water_gold_mem,win_gold_mem) VALUES('N','U','999','1','22','23','24','25','26','127.0.0.1','2017-10-01 15:42:22','200','2017-09-28','12','200','I','4','','1000','A','99110','0','0','0','0','20','15','25','20','20','85','0','2','3','4','5','5','20000','15000','25000','20000','20000','0','0','0','0','0','0','0','0','0','0','8500','8300','8200','8100','8000','8000','9911000')
HY000 2006 MySQL server has gone away
Exception:{"errorInfo":["HY000",2006,"MySQL server has gone away"]}
SCRIPT_NAME:/php_redis/lib/test.redis_PDO.php
 bug_trace start :
 file : /home/user/web/php_redis/lib/class.db.PDO.php 	  line : 124 	  function : errorstatus 	  class : db_PDO 	 
 file : /home/user/web/php_redis/lib/class.db.PDO.php 	  line : 90 	  function : exec_sql 	  class : db_PDO 	 
 file : /home/user/web/php_redis/lib/test.redis_PDO.php 	  line : 302 	  function : sql_query 	  class : db_PDO 	 
 file : /home/user/web/php_redis/lib/test.redis_PDO.php 	  line : 70 	  function : INSERT_order 	  class : test_order 	 
 file : /home/user/web/php_redis/lib/test.redis_PDO.php 	  line : 35 	  function : exec 	  class : test_order 	 
 file : /home/user/web/php_redis/lib/test.redis_PDO.php 	  line : 16 	  function : init_order 	 
 file : /home/user/web/php_redis/lib/test.redis_PDO.php 	  line : 11 	  function : init 	 
$_GET:array (
  'c' => '1',
)
$_POST:array (
  0 => 
  array (
    'ptype' => '200',
    'item' => '4',
    'gold' => '1000',
  ),
)

[2017-10-01 16:37:37]
SQL : SELECT id_mm ,id_sc ,id_co ,id_sa ,id_ag ,ptype ,item ,(gold*0.1) AS GOLD ,((share_gold__out)*0.001) AS share_out ,(CAST(share_gold_ AS SIGNED)-CAST(share_gold__out AS SIGNED)+CAST(share_gold__in AS SIGNED))*0.001*(water_basis-water_gap_)*0.0001 AS share_water ,(CAST(share_gold_ AS SIGNED)-CAST(share_gold__out AS SIGNED)+CAST(share_gold__in AS SIGNED))*0.001 AS share_gold ,((gold*0.1)*(water_basis-water_gap_mm)*0.0001)*(CAST(share_gold_ AS SIGNED)-CAST(share_gold__out AS SIGNED)+CAST(share_gold__in AS SIGNED)
	*0.001)/(gold*0.1)*0.001 AS water_gold ,(CAST(share_gold_ AS SIGNED)-CAST(share_gold__out AS SIGNED)+CAST(share_gold__in AS SIGNED))*0.001 *(odds_basis+odds_gap+odds_adjust+odds_adjust_auto+odds_adjust_auto_rep)*0.0001 AS win_gold , ((gold*0.1) *(((odds_basis+odds_gap+odds_adjust+odds_adjust_auto+odds_adjust_auto_rep))*0.0001)) AS fake_win_gold FROM `draws_ssc_bet` WHERE 1 AND bet_status = 'N' AND rpt_date ="2017-09-28" AND date_sn="12" AND ptype="mm"
42S22 1054 Unknown column 'share_gold__out' in 'field list'
Exception:{"errorInfo":["42S22",1054,"Unknown column 'share_gold__out' in 'field list'"]}
SCRIPT_NAME:/php_redis/lib/test.redis_PDO.php
 bug_trace start :
 file : /home/user/web/php_redis/lib/class.db.PDO.php 	  line : 124 	  function : errorstatus 	  class : db_PDO 	 
 file : /home/user/web/php_redis/lib/class.db.PDO.php 	  line : 90 	  function : exec_sql 	  class : db_PDO 	 
 file : /home/user/web/php_redis/lib/test.redis_PDO.php 	  line : 613 	  function : sql_query 	  class : db_PDO 	 
 file : /home/user/web/php_redis/lib/test.redis_PDO.php 	  line : 51 	  function : select_order_v3 	 
 file : /home/user/web/php_redis/lib/test.redis_PDO.php 	  line : 20 	  function : init_select 	 
 file : /home/user/web/php_redis/lib/test.redis_PDO.php 	  line : 12 	  function : init 	 
$_GET:array (
  'c' => '2',
)
$_POST:array (
)

[2017-10-01 16:38:07]
SQL : SELECT id_mm ,id_sc ,id_co ,id_sa ,id_ag ,ptype ,item ,(gold*0.1) AS GOLD ,((share_gold__out)*0.001) AS share_out ,(CAST(share_gold_ AS SIGNED)-CAST(share_gold__out AS SIGNED)+CAST(share_gold__in AS SIGNED))*0.001*(water_basis-water_gap_)*0.0001 AS share_water ,(CAST(share_gold_ AS SIGNED)-CAST(share_gold__out AS SIGNED)+CAST(share_gold__in AS SIGNED))*0.001 AS share_gold ,((gold*0.1)*(water_basis-water_gap_mm)*0.0001)*(CAST(share_gold_ AS SIGNED)-CAST(share_gold__out AS SIGNED)+CAST(share_gold__in AS SIGNED)
	*0.001)/(gold*0.1)*0.001 AS water_gold ,(CAST(share_gold_ AS SIGNED)-CAST(share_gold__out AS SIGNED)+CAST(share_gold__in AS SIGNED))*0.001 *(odds_basis+odds_gap+odds_adjust+odds_adjust_auto+odds_adjust_auto_rep)*0.0001 AS win_gold , ((gold*0.1) *(((odds_basis+odds_gap+odds_adjust+odds_adjust_auto+odds_adjust_auto_rep))*0.0001)) AS fake_win_gold FROM `draws_ssc_bet` WHERE 1 AND bet_status = 'N' AND rpt_date ="2017-09-28" AND date_sn="12" AND ptype="mm"
42S22 1054 Unknown column 'share_gold__out' in 'field list'
Exception:{"errorInfo":["42S22",1054,"Unknown column 'share_gold__out' in 'field list'"]}
SCRIPT_NAME:/php_redis/lib/test.redis_PDO.php
 bug_trace start :
 file : /home/user/web/php_redis/lib/class.db.PDO.php 	  line : 124 	  function : errorstatus 	  class : db_PDO 	 
 file : /home/user/web/php_redis/lib/class.db.PDO.php 	  line : 90 	  function : exec_sql 	  class : db_PDO 	 
 file : /home/user/web/php_redis/lib/test.redis_PDO.php 	  line : 613 	  function : sql_query 	  class : db_PDO 	 
 file : /home/user/web/php_redis/lib/test.redis_PDO.php 	  line : 51 	  function : select_order_v3 	 
 file : /home/user/web/php_redis/lib/test.redis_PDO.php 	  line : 20 	  function : init_select 	 
 file : /home/user/web/php_redis/lib/test.redis_PDO.php 	  line : 12 	  function : init 	 
$_GET:array (
  'c' => '2',
)
$_POST:array (
)

[2017-10-01 16:41:01]
SQL : SELECT id_mm ,id_sc ,id_co ,id_sa ,id_ag ,ptype ,item ,COUNT(gold) AS cnt ,SUM(gold)*0.1 AS GOLD ,SUM((share_gold_mm_out)*0.001) AS share_out ,SUM((CAST(share_gold_mm AS SIGNED)-CAST(share_gold_mm_out AS SIGNED)+CAST(share_gold_mm_in AS SIGNED))*0.001*(water_basis-water_gap_mm)*0.0001) AS share_water ,SUM(CAST(share_gold_mm AS SIGNED)-CAST(share_gold_mm_out AS SIGNED)+CAST(share_gold_mm_in AS SIGNED))*0.001 AS share_gold ,SUM((gold*0.1)*((water_basis-water_gap_sc)*0.0001)*((CAST(share_gold_mm AS SIGNED)-CAST(share_gold_mm_out AS SIGNED)+CAST(share_gold_mm_in AS SIGNED)
	*0.001)/(gold*0.1))*0.001) AS water_gold ,SUM( ((CAST(share_gold_mm AS SIGNED)-CAST(share_gold_mm_out AS SIGNED)+CAST(share_gold_mm_in AS SIGNED))*0.001) *(odds_basis+odds_gap+odds_adjust+odds_adjust_auto+odds_adjust_auto_rep)*0.0001 ) AS win_gold ,SUM( (gold*0.1) *(odds_basis+odds_gap+odds_adjust+odds_adjust_auto+odds_adjust_auto_rep)*0.0001 ) AS fake_win_gold FROM `draws_ssc_bet` WHERE 1 AND bet_status = 'N' AND rpt_date ="2017-09-28" AND date_sn="12" AND ptype="200" GROUP BY item
42000 1055 Expression #1 of SELECT list is not in GROUP BY clause and contains nonaggregated column 'test.draws_ssc_bet.id_mm' which is not functionally dependent on columns in GROUP BY clause; this is incompatible with sql_mode=only_full_group_by
Exception:{"errorInfo":["42000",1055,"Expression #1 of SELECT list is not in GROUP BY clause and contains nonaggregated column 'test.draws_ssc_bet.id_mm' which is not functionally dependent on columns in GROUP BY clause; this is incompatible with sql_mode=only_full_group_by"]}
SCRIPT_NAME:/php_redis/lib/test.redis_PDO.php
 bug_trace start :
 file : /home/user/web/php_redis/lib/class.db.PDO.php 	  line : 124 	  function : errorstatus 	  class : db_PDO 	 
 file : /home/user/web/php_redis/lib/class.db.PDO.php 	  line : 90 	  function : exec_sql 	  class : db_PDO 	 
 file : /home/user/web/php_redis/lib/test.redis_PDO.php 	  line : 616 	  function : sql_query 	  class : db_PDO 	 
 file : /home/user/web/php_redis/lib/test.redis_PDO.php 	  line : 51 	  function : select_order_v3 	 
 file : /home/user/web/php_redis/lib/test.redis_PDO.php 	  line : 20 	  function : init_select 	 
 file : /home/user/web/php_redis/lib/test.redis_PDO.php 	  line : 12 	  function : init 	 
$_GET:array (
  'c' => '2',
)
$_POST:array (
)

[2017-10-01 16:46:04]
SQL : SELECT mm_id ,ptype ,item ,COUNT(gold) AS cnt ,SUM(gold)*0.1 AS GOLD ,SUM((share_gold_mm_out)*0.001) AS share_out ,SUM((CAST(share_gold_mm AS SIGNED)-CAST(share_gold_mm_out AS SIGNED)+CAST(share_gold_mm_in AS SIGNED))*0.001*(water_basis-water_gap_mm)*0.0001) AS share_water ,SUM(CAST(share_gold_mm AS SIGNED)-CAST(share_gold_mm_out AS SIGNED)+CAST(share_gold_mm_in AS SIGNED))*0.001 AS share_gold ,SUM((gold*0.1)*((water_basis-water_gap_sc)*0.0001)*((CAST(share_gold_mm AS SIGNED)-CAST(share_gold_mm_out AS SIGNED)+CAST(share_gold_mm_in AS SIGNED)
	*0.001)/(gold*0.1))*0.001) AS water_gold ,SUM( ((CAST(share_gold_mm AS SIGNED)-CAST(share_gold_mm_out AS SIGNED)+CAST(share_gold_mm_in AS SIGNED))*0.001) *(odds_basis+odds_gap+odds_adjust+odds_adjust_auto+odds_adjust_auto_rep)*0.0001 ) AS win_gold ,SUM( (gold*0.1) *(odds_basis+odds_gap+odds_adjust+odds_adjust_auto+odds_adjust_auto_rep)*0.0001 ) AS fake_win_gold FROM `draws_ssc_bet` WHERE 1 AND bet_status = 'N' AND rpt_date ="2017-09-28" AND date_sn="12" AND ptype="200" GROUP BY mm_id,rpt_date,date_sn,ptype,item
42S22 1054 Unknown column 'mm_id' in 'field list'
Exception:{"errorInfo":["42S22",1054,"Unknown column 'mm_id' in 'field list'"]}
SCRIPT_NAME:/php_redis/lib/test.redis_PDO.php
 bug_trace start :
 file : /home/user/web/php_redis/lib/class.db.PDO.php 	  line : 124 	  function : errorstatus 	  class : db_PDO 	 
 file : /home/user/web/php_redis/lib/class.db.PDO.php 	  line : 90 	  function : exec_sql 	  class : db_PDO 	 
 file : /home/user/web/php_redis/lib/test.redis_PDO.php 	  line : 613 	  function : sql_query 	  class : db_PDO 	 
 file : /home/user/web/php_redis/lib/test.redis_PDO.php 	  line : 51 	  function : select_order_v3 	 
 file : /home/user/web/php_redis/lib/test.redis_PDO.php 	  line : 20 	  function : init_select 	 
 file : /home/user/web/php_redis/lib/test.redis_PDO.php 	  line : 12 	  function : init 	 
$_GET:array (
  'c' => '2',
)
$_POST:array (
)
